ParseStarterProject/build/outputs/logs/manifest-merger-debug-report.txt
-- Merging decision tree log ---
manifest
ADDED from src/main/AndroidManifest.xml:9:1-57:12
INJECTED from src/main/AndroidManifest.xml:9:1-57:12
INJECTED from src/main/AndroidManifest.xml:9:1-57:12
INJECTED from src/main/AndroidManifest.xml:9:1-57:12
MERGED from [com.google.android.gms:play-services:9.4.0] AndroidManifest.xml:2:1-6:12
MERGED from [com.android.support:multidex:1.0.2] AndroidManifest.xml:17:1-22:12
MERGED from [com.google.android.gms:play-services-cast-framework:9.4.0] AndroidManifest.xml:2:1-10:12
MERGED from [com.google.android.gms:play-services-cast:9.4.0] AndroidManifest.xml:16:1-20:12
MERGED from [com.android.support:mediarouter-v7:23.0.0] AndroidManifest.xml:17:1-24:12
MERGED from [com.android.support:appcompat-v7:23.4.0] AndroidManifest.xml:17:1-27:12
MERGED from [com.android.support.constraint:constraint-layout:1.0.2] AndroidManifest.xml:2:1-11:12
MERGED from [com.google.android.gms:play-services-ads:9.4.0] AndroidManifest.xml:16:1-20:12
MERGED from [com.google.android.gms:play-services-ads-lite:9.4.0] AndroidManifest.xml:16:1-33:12
MERGED from [com.google.android.gms:play-services-analytics:9.4.0] AndroidManifest.xml:16:1-28:12
MERGED from [com.google.android.gms:play-services-tagmanager:9.4.0] AndroidManifest.xml:16:1-19:12
MERGED from [com.google.android.gms:play-services-analytics-impl:9.4.0] AndroidManifest.xml:16:1-28:12
MERGED from [com.google.android.gms:play-services-appinvite:9.4.0] AndroidManifest.xml:16:1-31:12
MERGED from [com.google.android.gms:play-services-auth:9.4.0] AndroidManifest.xml:16:1-33:12
MERGED from [com.google.android.gms:play-services-auth-base:9.4.0] AndroidManifest.xml:2:1-6:12
MERGED from [com.google.android.gms:play-services-clearcut:9.4.0] AndroidManifest.xml:16:1-20:12
MERGED from [com.google.firebase:firebase-config:9.4.0] AndroidManifest.xml:16:1-20:12
MERGED from [com.google.android.gms:play-services-contextmanager:9.4.0] AndroidManifest.xml:16:1-20:12
MERGED from [com.google.firebase:firebase-crash:9.4.0] AndroidManifest.xml:16:1-34:12
MERGED from [com.google.android.gms:play-services-games:9.4.0] AndroidManifest.xml:16:1-20:12
MERGED from [com.google.android.gms:play-services-drive:9.4.0] AndroidManifest.xml:16:1-20:12
MERGED from [com.google.firebase:firebase-auth:9.4.0] AndroidManifest.xml:16:1-22:12
MERGED from [com.google.firebase:firebase-auth-common:9.4.0] AndroidManifest.xml:16:1-22:12
MERGED from [com.google.firebase:firebase-auth-module:9.4.0] AndroidManifest.xml:2:1-6:12
MERGED from [com.google.firebase:firebase-database:9.4.0] AndroidManifest.xml:2:1-6:12
MERGED from [com.google.firebase:firebase-database-connection:9.4.0] AndroidManifest.xml:2:1-6:12
MERGED from [com.google.firebase:firebase-storage:9.4.0] AndroidManifest.xml:2:1-6:12
MERGED from [com.google.firebase:firebase-storage-common:9.4.0] AndroidManifest.xml:2:1-6:12
MERGED from [com.google.android.gms:play-services-fitness:9.4.0] AndroidManifest.xml:16:1-20:12
MERGED from [com.google.android.gms:play-services-gcm:9.4.0] AndroidManifest.xml:16:1-25:12
MERGED from [com.google.android.gms:play-services-appindexing:9.4.0] AndroidManifest.xml:16:1-20:12
MERGED from [com.google.android.gms:play-services-wallet:9.4.0] AndroidManifest.xml:16:1-21:12
MERGED from [com.google.android.gms:play-services-identity:9.4.0] AndroidManifest.xml:16:1-20:12
MERGED from [com.google.android.gms:play-services-iid:9.4.0] AndroidManifest.xml:16:1-25:12
MERGED from [com.google.android.gms:play-services-location:9.4.0] AndroidManifest.xml:16:1-20:12
MERGED from [com.google.android.gms:play-services-places:9.4.0] AndroidManifest.xml:16:1-20:12
MERGED from [com.google.android.gms:play-services-maps:9.4.0] AndroidManifest.xml:16:1-28:12
MERGED from [com.google.android.gms:play-services-nearby:9.4.0] AndroidManifest.xml:2:1-7:12
MERGED from [com.google.android.gms:play-services-panorama:9.4.0] AndroidManifest.xml:16:1-20:12
MERGED from [com.google.android.gms:play-services-plus:9.4.0] AndroidManifest.xml:16:1-20:12
MERGED from [com.google.android.gms:play-services-safetynet:9.4.0] AndroidManifest.xml:16:1-20:12
MERGED from [com.google.android.gms:play-services-vision:9.4.0] AndroidManifest.xml:2:1-6:12
MERGED from [com.google.android.gms:play-services-wearable:9.4.0] AndroidManifest.xml:16:1-20:12
MERGED from [com.google.android.gms:play-services-base:9.4.0] AndroidManifest.xml:16:1-24:12
MERGED from [com.google.firebase:firebase-messaging:9.4.0] AndroidManifest.xml:16:1-33:12
MERGED from [com.google.android.gms:play-services-tagmanager-api:9.4.0] AndroidManifest.xml:16:1-39:12
MERGED from [com.google.firebase:firebase-analytics:9.4.0] AndroidManifest.xml:16:1-42:12
MERGED from [com.google.firebase:firebase-analytics-impl:9.4.0] AndroidManifest.xml:16:1-42:12
MERGED from [com.google.firebase:firebase-iid:9.4.0] AndroidManifest.xml:16:1-60:12
MERGED from [com.google.firebase:firebase-common:9.4.0] AndroidManifest.xml:2:1-13:12
MERGED from [com.google.android.gms:play-services-gass:9.4.0] AndroidManifest.xml:16:1-20:12
MERGED from [com.google.android.gms:play-services-tasks:9.4.0] AndroidManifest.xml:2:1-6:12
MERGED from [com.google.android.gms:play-services-basement:9.4.0] AndroidManifest.xml:16:1-26:12
MERGED from [com.android.support:animated-vector-drawable:23.4.0] AndroidManifest.xml:2:1-9:12
MERGED from [com.android.support:support-vector-drawable:23.4.0] AndroidManifest.xml:2:1-9:12
MERGED from [com.android.support:support-v4:23.4.0] AndroidManifest.xml:17:1-24:12
INJECTED from src/main/AndroidManifest.xml:9:1-57:12
INJECTED from src/main/AndroidManifest.xml:9:1-57:12
INJECTED from src/main/AndroidManifest.xml:9:1-57:12
	package
		ADDED from src/main/AndroidManifest.xml:10:5-32
		INJECTED from src/main/AndroidManifest.xml
		INJECTED from src/main/AndroidManifest.xml
	android:versionName
		INJECTED from src/main/AndroidManifest.xml
		ADDED from src/main/AndroidManifest.xml:9:1-57:12
		INJECTED from src/main/AndroidManifest.xml
	android:versionCode
		INJECTED from src/main/AndroidManifest.xml
		ADDED from src/main/AndroidManifest.xml:9:1-57:12
		INJECTED from src/main/AndroidManifest.xml
	xmlns:android
		ADDED from src/main/AndroidManifest.xml:9:11-69
uses-permission#android.permission.CALL_PHONE
ADDED from src/main/AndroidManifest.xml:12:5-69
	android:name
		ADDED from src/main/AndroidManifest.xml:12:22-66
uses-permission#android.permission.INTERNET
ADDED from src/main/AndroidManifest.xml:14:5-67
MERGED from [com.google.android.gms:play-services-ads-lite:9.4.0] AndroidManifest.xml:20:5-66
MERGED from [com.google.android.gms:play-services-ads-lite:9.4.0] AndroidManifest.xml:20:5-66
MERGED from [com.google.android.gms:play-services-analytics:9.4.0] AndroidManifest.xml:21:5-67
MERGED from [com.google.android.gms:play-services-analytics:9.4.0] AndroidManifest.xml:21:5-67
MERGED from [com.google.android.gms:play-services-analytics-impl:9.4.0] AndroidManifest.xml:21:5-67
MERGED from [com.google.android.gms:play-services-analytics-impl:9.4.0] AndroidManifest.xml:21:5-67
MERGED from [com.google.android.gms:play-services-appinvite:9.4.0] AndroidManifest.xml:19:5-67
MERGED from [com.google.android.gms:play-services-appinvite:9.4.0] AndroidManifest.xml:19:5-67
MERGED from [com.google.firebase:firebase-crash:9.4.0] AndroidManifest.xml:20:5-66
MERGED from [com.google.firebase:firebase-crash:9.4.0] AndroidManifest.xml:20:5-66
MERGED from [com.google.android.gms:play-services-gcm:9.4.0] AndroidManifest.xml:22:5-67
MERGED from [com.google.android.gms:play-services-gcm:9.4.0] AndroidManifest.xml:22:5-67
MERGED from [com.google.android.gms:play-services-iid:9.4.0] AndroidManifest.xml:22:5-67
MERGED from [com.google.android.gms:play-services-iid:9.4.0] AndroidManifest.xml:22:5-67
MERGED from [com.google.android.gms:play-services-maps:9.4.0] AndroidManifest.xml:21:5-66
MERGED from [com.google.android.gms:play-services-maps:9.4.0] AndroidManifest.xml:21:5-66
MERGED from [com.google.android.gms:play-services-tagmanager-api:9.4.0] AndroidManifest.xml:21:5-67
MERGED from [com.google.android.gms:play-services-tagmanager-api:9.4.0] AndroidManifest.xml:21:5-67
MERGED from [com.google.firebase:firebase-analytics:9.4.0] AndroidManifest.xml:21:5-67
MERGED from [com.google.firebase:firebase-analytics:9.4.0] AndroidManifest.xml:21:5-67
MERGED from [com.google.firebase:firebase-analytics-impl:9.4.0] AndroidManifest.xml:21:5-67
MERGED from [com.google.firebase:firebase-analytics-impl:9.4.0] AndroidManifest.xml:21:5-67
MERGED from [com.google.firebase:firebase-iid:9.4.0] AndroidManifest.xml:21:5-67
MERGED from [com.google.firebase:firebase-iid:9.4.0] AndroidManifest.xml:21:5-67
	android:name
		ADDED from src/main/AndroidManifest.xml:14:22-64
uses-permission#android.permission.ACCESS_NETWORK_STATE
ADDED from src/main/AndroidManifest.xml:15:5-79
MERGED from [com.google.android.gms:play-services-ads-lite:9.4.0] AndroidManifest.xml:21:5-78
MERGED from [com.google.android.gms:play-services-ads-lite:9.4.0] AndroidManifest.xml:21:5-78
MERGED from [com.google.android.gms:play-services-analytics:9.4.0] AndroidManifest.xml:22:5-79
MERGED from [com.google.android.gms:play-services-analytics:9.4.0] AndroidManifest.xml:22:5-79
MERGED from [com.google.android.gms:play-services-analytics-impl:9.4.0] AndroidManifest.xml:22:5-79
MERGED from [com.google.android.gms:play-services-analytics-impl:9.4.0] AndroidManifest.xml:22:5-79
MERGED from [com.google.android.gms:play-services-maps:9.4.0] AndroidManifest.xml:20:5-78
MERGED from [com.google.android.gms:play-services-maps:9.4.0] AndroidManifest.xml:20:5-78
MERGED from [com.google.android.gms:play-services-nearby:9.4.0] AndroidManifest.xml:5:5-79
MERGED from [com.google.android.gms:play-services-nearby:9.4.0] AndroidManifest.xml:5:5-79
MERGED from [com.google.android.gms:play-services-tagmanager-api:9.4.0] AndroidManifest.xml:22:5-79
MERGED from [com.google.android.gms:play-services-tagmanager-api:9.4.0] AndroidManifest.xml:22:5-79
MERGED from [com.google.firebase:firebase-analytics:9.4.0] AndroidManifest.xml:22:5-79
MERGED from [com.google.firebase:firebase-analytics:9.4.0] AndroidManifest.xml:22:5-79
MERGED from [com.google.firebase:firebase-analytics-impl:9.4.0] AndroidManifest.xml:22:5-79
MERGED from [com.google.firebase:firebase-analytics-impl:9.4.0] AndroidManifest.xml:22:5-79
MERGED from [com.google.firebase:firebase-iid:9.4.0] AndroidManifest.xml:20:5-79
MERGED from [com.google.firebase:firebase-iid:9.4.0] AndroidManifest.xml:20:5-79
	android:name
		ADDED from src/main/AndroidManifest.xml:15:22-76
uses-permission#android.permission.READ_EXTERNAL_STORAGE
ADDED from src/main/AndroidManifest.xml:16:5-80
	android:name
		ADDED from src/main/AndroidManifest.xml:16:22-77
uses-permission#android.permission.ACCESS_FINE_LOCATION
ADDED from src/main/AndroidManifest.xml:17:5-79
	android:name
		ADDED from src/main/AndroidManifest.xml:17:22-76
application
ADDED from src/main/AndroidManifest.xml:19:5-55:19
MERGED from [com.google.android.gms:play-services:9.4.0] AndroidManifest.xml:5:5-20
MERGED from [com.google.android.gms:play-services:9.4.0] AndroidManifest.xml:5:5-20
MERGED from [com.google.android.gms:play-services-cast-framework:9.4.0] AndroidManifest.xml:5:5-9:19
MERGED from [com.google.android.gms:play-services-cast-framework:9.4.0] AndroidManifest.xml:5:5-9:19
MERGED from [com.google.android.gms:play-services-cast:9.4.0] AndroidManifest.xml:19:5-20
MERGED from [com.google.android.gms:play-services-cast:9.4.0] AndroidManifest.xml:19:5-20
MERGED from [com.android.support:mediarouter-v7:23.0.0] AndroidManifest.xml:22:5-20
MERGED from [com.android.support:mediarouter-v7:23.0.0] AndroidManifest.xml:22:5-20
MERGED from [com.android.support:appcompat-v7:23.4.0] AndroidManifest.xml:25:5-20
MERGED from [com.android.support:appcompat-v7:23.4.0] AndroidManifest.xml:25:5-20
MERGED from [com.android.support.constraint:constraint-layout:1.0.2] AndroidManifest.xml:9:5-20
MERGED from [com.android.support.constraint:constraint-layout:1.0.2] AndroidManifest.xml:9:5-20
MERGED from [com.google.android.gms:play-services-ads-lite:9.4.0] AndroidManifest.xml:24:5-32:19
MERGED from [com.google.android.gms:play-services-ads-lite:9.4.0] AndroidManifest.xml:24:5-32:19
MERGED from [com.google.android.gms:play-services-analytics:9.4.0] AndroidManifest.xml:27:5-20
MERGED from [com.google.android.gms:play-services-analytics:9.4.0] AndroidManifest.xml:27:5-20
MERGED from [com.google.android.gms:play-services-analytics-impl:9.4.0] AndroidManifest.xml:27:5-20
MERGED from [com.google.android.gms:play-services-analytics-impl:9.4.0] AndroidManifest.xml:27:5-20
MERGED from [com.google.android.gms:play-services-appinvite:9.4.0] AndroidManifest.xml:20:5-30:19
MERGED from [com.google.android.gms:play-services-appinvite:9.4.0] AndroidManifest.xml:20:5-30:19
MERGED from [com.google.android.gms:play-services-auth:9.4.0] AndroidManifest.xml:20:5-32:19
MERGED from [com.google.android.gms:play-services-auth:9.4.0] AndroidManifest.xml:20:5-32:19
MERGED from [com.google.android.gms:play-services-clearcut:9.4.0] AndroidManifest.xml:19:5-20
MERGED from [com.google.android.gms:play-services-clearcut:9.4.0] AndroidManifest.xml:19:5-20
MERGED from [com.google.firebase:firebase-config:9.4.0] AndroidManifest.xml:19:5-20
MERGED from [com.google.firebase:firebase-config:9.4.0] AndroidManifest.xml:19:5-20
MERGED from [com.google.android.gms:play-services-contextmanager:9.4.0] AndroidManifest.xml:19:5-20
MERGED from [com.google.android.gms:play-services-contextmanager:9.4.0] AndroidManifest.xml:19:5-20
MERGED from [com.google.firebase:firebase-crash:9.4.0] AndroidManifest.xml:24:5-32:19
MERGED from [com.google.firebase:firebase-crash:9.4.0] AndroidManifest.xml:24:5-32:19
MERGED from [com.google.android.gms:play-services-games:9.4.0] AndroidManifest.xml:19:5-20
MERGED from [com.google.android.gms:play-services-games:9.4.0] AndroidManifest.xml:19:5-20
MERGED from [com.google.android.gms:play-services-drive:9.4.0] AndroidManifest.xml:19:5-20
MERGED from [com.google.android.gms:play-services-drive:9.4.0] AndroidManifest.xml:19:5-20
MERGED from [com.google.firebase:firebase-auth:9.4.0] AndroidManifest.xml:20:5-21:19
MERGED from [com.google.firebase:firebase-auth:9.4.0] AndroidManifest.xml:20:5-21:19
MERGED from [com.google.firebase:firebase-auth-common:9.4.0] AndroidManifest.xml:20:5-21:19
MERGED from [com.google.firebase:firebase-auth-common:9.4.0] AndroidManifest.xml:20:5-21:19
MERGED from [com.google.android.gms:play-services-fitness:9.4.0] AndroidManifest.xml:19:5-20
MERGED from [com.google.android.gms:play-services-fitness:9.4.0] AndroidManifest.xml:19:5-20
MERGED from [com.google.android.gms:play-services-gcm:9.4.0] AndroidManifest.xml:24:5-20
MERGED from [com.google.android.gms:play-services-gcm:9.4.0] AndroidManifest.xml:24:5-20
MERGED from [com.google.android.gms:play-services-appindexing:9.4.0] AndroidManifest.xml:19:5-20
MERGED from [com.google.android.gms:play-services-appindexing:9.4.0] AndroidManifest.xml:19:5-20
MERGED from [com.google.android.gms:play-services-identity:9.4.0] AndroidManifest.xml:19:5-20
MERGED from [com.google.android.gms:play-services-identity:9.4.0] AndroidManifest.xml:19:5-20
MERGED from [com.google.android.gms:play-services-iid:9.4.0] AndroidManifest.xml:24:5-20
MERGED from [com.google.android.gms:play-services-iid:9.4.0] AndroidManifest.xml:24:5-20
MERGED from [com.google.android.gms:play-services-location:9.4.0] AndroidManifest.xml:19:5-20
MERGED from [com.google.android.gms:play-services-location:9.4.0] AndroidManifest.xml:19:5-20
MERGED from [com.google.android.gms:play-services-places:9.4.0] AndroidManifest.xml:19:5-20
MERGED from [com.google.android.gms:play-services-places:9.4.0] AndroidManifest.xml:19:5-20
MERGED from [com.google.android.gms:play-services-maps:9.4.0] AndroidManifest.xml:27:5-20
MERGED from [com.google.android.gms:play-services-maps:9.4.0] AndroidManifest.xml:27:5-20
MERGED from [com.google.android.gms:play-services-nearby:9.4.0] AndroidManifest.xml:6:5-20
MERGED from [com.google.android.gms:play-services-nearby:9.4.0] AndroidManifest.xml:6:5-20
MERGED from [com.google.android.gms:play-services-panorama:9.4.0] AndroidManifest.xml:19:5-20
MERGED from [com.google.android.gms:play-services-panorama:9.4.0] AndroidManifest.xml:19:5-20
MERGED from [com.google.android.gms:play-services-plus:9.4.0] AndroidManifest.xml:19:5-20
MERGED from [com.google.android.gms:play-services-plus:9.4.0] AndroidManifest.xml:19:5-20
MERGED from [com.google.android.gms:play-services-safetynet:9.4.0] AndroidManifest.xml:19:5-20
MERGED from [com.google.android.gms:play-services-safetynet:9.4.0] AndroidManifest.xml:19:5-20
MERGED from [com.google.android.gms:play-services-vision:9.4.0] AndroidManifest.xml:5:5-20
MERGED from [com.google.android.gms:play-services-vision:9.4.0] AndroidManifest.xml:5:5-20
MERGED from [com.google.android.gms:play-services-wearable:9.4.0] AndroidManifest.xml:19:5-20
MERGED from [com.google.android.gms:play-services-wearable:9.4.0] AndroidManifest.xml:19:5-20
MERGED from [com.google.android.gms:play-services-base:9.4.0] AndroidManifest.xml:19:5-23:19
MERGED from [com.google.android.gms:play-services-base:9.4.0] AndroidManifest.xml:19:5-23:19
MERGED from [com.google.firebase:firebase-messaging:9.4.0] AndroidManifest.xml:20:5-32:19
MERGED from [com.google.firebase:firebase-messaging:9.4.0] AndroidManifest.xml:20:5-32:19
MERGED from [com.google.android.gms:play-services-tagmanager-api:9.4.0] AndroidManifest.xml:24:5-38:19
MERGED from [com.google.android.gms:play-services-tagmanager-api:9.4.0] AndroidManifest.xml:24:5-38:19
MERGED from [com.google.firebase:firebase-analytics:9.4.0] AndroidManifest.xml:26:5-41:19
MERGED from [com.google.firebase:firebase-analytics:9.4.0] AndroidManifest.xml:26:5-41:19
MERGED from [com.google.firebase:firebase-analytics-impl:9.4.0] AndroidManifest.xml:26:5-41:19
MERGED from [com.google.firebase:firebase-analytics-impl:9.4.0] AndroidManifest.xml:26:5-41:19
MERGED from [com.google.firebase:firebase-iid:9.4.0] AndroidManifest.xml:30:5-59:19
MERGED from [com.google.firebase:firebase-iid:9.4.0] AndroidManifest.xml:30:5-59:19
MERGED from [com.google.firebase:firebase-common:9.4.0] AndroidManifest.xml:5:5-12:19
MERGED from [com.google.firebase:firebase-common:9.4.0] AndroidManifest.xml:5:5-12:19
MERGED from [com.google.android.gms:play-services-gass:9.4.0] AndroidManifest.xml:19:5-20
MERGED from [com.google.android.gms:play-services-gass:9.4.0] AndroidManifest.xml:19:5-20
MERGED from [com.google.android.gms:play-services-tasks:9.4.0] AndroidManifest.xml:5:5-20
MERGED from [com.google.android.gms:play-services-tasks:9.4.0] AndroidManifest.xml:5:5-20
MERGED from [com.google.android.gms:play-services-basement:9.4.0] AndroidManifest.xml:20:5-24:19
MERGED from [com.google.android.gms:play-services-basement:9.4.0] AndroidManifest.xml:20:5-24:19
MERGED from [com.android.support:animated-vector-drawable:23.4.0] AndroidManifest.xml:7:5-20
MERGED from [com.android.support:animated-vector-drawable:23.4.0] AndroidManifest.xml:7:5-20
MERGED from [com.android.support:support-vector-drawable:23.4.0] AndroidManifest.xml:7:5-20
MERGED from [com.android.support:support-vector-drawable:23.4.0] AndroidManifest.xml:7:5-20
MERGED from [com.android.support:support-v4:23.4.0] AndroidManifest.xml:22:5-20
MERGED from [com.android.support:support-v4:23.4.0] AndroidManifest.xml:22:5-20
	android:label
		ADDED from src/main/AndroidManifest.xml:23:9-31
	android:icon
		ADDED from src/main/AndroidManifest.xml:22:9-38
	android:allowBackup
		ADDED from src/main/AndroidManifest.xml:21:9-35
	android:theme
		ADDED from src/main/AndroidManifest.xml:24:9-40
	android:name
		ADDED from src/main/AndroidManifest.xml:20:9-43
activity#com.parse.starter.MainActivity
ADDED from src/main/AndroidManifest.xml:25:9-33:20
	android:label
		ADDED from src/main/AndroidManifest.xml:27:13-34
	android:name
		ADDED from src/main/AndroidManifest.xml:26:13-41
intent-filter#android.intent.action.MAIN+android.intent.category.LAUNCHER
ADDED from src/main/AndroidManifest.xml:28:13-32:29
action#android.intent.action.MAIN
ADDED from src/main/AndroidManifest.xml:29:17-69
	android:name
		ADDED from src/main/AndroidManifest.xml:29:25-66
category#android.intent.category.LAUNCHER
ADDED from src/main/AndroidManifest.xml:31:17-77
	android:name
		ADDED from src/main/AndroidManifest.xml:31:27-74
meta-data#com.google.android.geo.API_KEY
ADDED from src/main/AndroidManifest.xml:43:9-45:55
	android:value
		ADDED from src/main/AndroidManifest.xml:45:13-52
	android:name
		ADDED from src/main/AndroidManifest.xml:44:13-58
activity#com.parse.starter.RiderActivity
ADDED from src/main/AndroidManifest.xml:47:9-49:60
	android:label
		ADDED from src/main/AndroidManifest.xml:49:13-57
	android:name
		ADDED from src/main/AndroidManifest.xml:48:13-42
activity#com.parse.starter.ViewRequestsActivity
ADDED from src/main/AndroidManifest.xml:50:9-58
	android:name
		ADDED from src/main/AndroidManifest.xml:50:19-55
activity#com.parse.starter.DriverLocation
ADDED from src/main/AndroidManifest.xml:51:9-53:70
	android:label
		ADDED from src/main/AndroidManifest.xml:53:13-67
	android:name
		ADDED from src/main/AndroidManifest.xml:52:13-43
activity#com.parse.starter.CarDetailsActivity
ADDED from src/main/AndroidManifest.xml:54:9-65
	android:name
		ADDED from src/main/AndroidManifest.xml:54:19-53
uses-sdk
INJECTED from src/main/AndroidManifest.xml reason: use-sdk injection requested
INJECTED from src/main/AndroidManifest.xml
INJECTED from src/main/AndroidManifest.xml
MERGED from [com.google.android.gms:play-services:9.4.0] AndroidManifest.xml:4:5-42
MERGED from [com.google.android.gms:play-services:9.4.0] AndroidManifest.xml:4:5-42
MERGED from [com.android.support:multidex:1.0.2] AndroidManifest.xml:20:5-43
MERGED from [com.android.support:multidex:1.0.2] AndroidManifest.xml:20:5-43
MERGED from [com.google.android.gms:play-services-cast-framework:9.4.0] AndroidManifest.xml:4:5-42
MERGED from [com.google.android.gms:play-services-cast-framework:9.4.0] AndroidManifest.xml:4:5-42
MERGED from [com.google.android.gms:play-services-cast:9.4.0] AndroidManifest.xml:18:5-42
MERGED from [com.google.android.gms:play-services-cast:9.4.0] AndroidManifest.xml:18:5-42
MERGED from [com.android.support:mediarouter-v7:23.0.0] AndroidManifest.xml:20:5-43
MERGED from [com.android.support:mediarouter-v7:23.0.0] AndroidManifest.xml:20:5-43
MERGED from [com.android.support:appcompat-v7:23.4.0] AndroidManifest.xml:21:5-23:78
MERGED from [com.android.support:appcompat-v7:23.4.0] AndroidManifest.xml:21:5-23:78
MERGED from [com.android.support.constraint:constraint-layout:1.0.2] AndroidManifest.xml:5:5-7:41
MERGED from [com.android.support.constraint:constraint-layout:1.0.2] AndroidManifest.xml:5:5-7:41
MERGED from [com.google.android.gms:play-services-ads:9.4.0] AndroidManifest.xml:19:5-42
MERGED from [com.google.android.gms:play-services-ads:9.4.0] AndroidManifest.xml:19:5-42
MERGED from [com.google.android.gms:play-services-ads-lite:9.4.0] AndroidManifest.xml:23:5-42
MERGED from [com.google.android.gms:play-services-ads-lite:9.4.0] AndroidManifest.xml:23:5-42
MERGED from [com.google.android.gms:play-services-analytics:9.4.0] AndroidManifest.xml:18:5-42
MERGED from [com.google.android.gms:play-services-analytics:9.4.0] AndroidManifest.xml:18:5-42
MERGED from [com.google.android.gms:play-services-tagmanager:9.4.0] AndroidManifest.xml:18:5-42
MERGED from [com.google.android.gms:play-services-tagmanager:9.4.0] AndroidManifest.xml:18:5-42
MERGED from [com.google.android.gms:play-services-analytics-impl:9.4.0] AndroidManifest.xml:18:5-42
MERGED from [com.google.android.gms:play-services-analytics-impl:9.4.0] AndroidManifest.xml:18:5-42
MERGED from [com.google.android.gms:play-services-appinvite:9.4.0] AndroidManifest.xml:18:5-42
MERGED from [com.google.android.gms:play-services-appinvite:9.4.0] AndroidManifest.xml:18:5-42
MERGED from [com.google.android.gms:play-services-auth:9.4.0] AndroidManifest.xml:18:5-43
MERGED from [com.google.android.gms:play-services-auth:9.4.0] AndroidManifest.xml:18:5-43
MERGED from [com.google.android.gms:play-services-auth-base:9.4.0] AndroidManifest.xml:5:5-43
MERGED from [com.google.android.gms:play-services-auth-base:9.4.0] AndroidManifest.xml:5:5-43
MERGED from [com.google.android.gms:play-services-clearcut:9.4.0] AndroidManifest.xml:18:5-42
MERGED from [com.google.android.gms:play-services-clearcut:9.4.0] AndroidManifest.xml:18:5-42
MERGED from [com.google.firebase:firebase-config:9.4.0] AndroidManifest.xml:18:5-42
MERGED from [com.google.firebase:firebase-config:9.4.0] AndroidManifest.xml:18:5-42
MERGED from [com.google.android.gms:play-services-contextmanager:9.4.0] AndroidManifest.xml:18:5-42
MERGED from [com.google.android.gms:play-services-contextmanager:9.4.0] AndroidManifest.xml:18:5-42
MERGED from [com.google.firebase:firebase-crash:9.4.0] AndroidManifest.xml:22:5-42
MERGED from [com.google.firebase:firebase-crash:9.4.0] AndroidManifest.xml:22:5-42
MERGED from [com.google.android.gms:play-services-games:9.4.0] AndroidManifest.xml:18:5-42
MERGED from [com.google.android.gms:play-services-games:9.4.0] AndroidManifest.xml:18:5-42
MERGED from [com.google.android.gms:play-services-drive:9.4.0] AndroidManifest.xml:18:5-42
MERGED from [com.google.android.gms:play-services-drive:9.4.0] AndroidManifest.xml:18:5-42
MERGED from [com.google.firebase:firebase-auth:9.4.0] AndroidManifest.xml:18:5-43
MERGED from [com.google.firebase:firebase-auth:9.4.0] AndroidManifest.xml:18:5-43
MERGED from [com.google.firebase:firebase-auth-common:9.4.0] AndroidManifest.xml:18:5-43
MERGED from [com.google.firebase:firebase-auth-common:9.4.0] AndroidManifest.xml:18:5-43
MERGED from [com.google.firebase:firebase-auth-module:9.4.0] AndroidManifest.xml:4:5-43
MERGED from [com.google.firebase:firebase-auth-module:9.4.0] AndroidManifest.xml:4:5-43
MERGED from [com.google.firebase:firebase-database:9.4.0] AndroidManifest.xml:5:5-43
MERGED from [com.google.firebase:firebase-database:9.4.0] AndroidManifest.xml:5:5-43
MERGED from [com.google.firebase:firebase-database-connection:9.4.0] AndroidManifest.xml:5:5-43
MERGED from [com.google.firebase:firebase-database-connection:9.4.0] AndroidManifest.xml:5:5-43
MERGED from [com.google.firebase:firebase-storage:9.4.0] AndroidManifest.xml:5:5-43
MERGED from [com.google.firebase:firebase-storage:9.4.0] AndroidManifest.xml:5:5-43
MERGED from [com.google.firebase:firebase-storage-common:9.4.0] AndroidManifest.xml:5:5-43
MERGED from [com.google.firebase:firebase-storage-common:9.4.0] AndroidManifest.xml:5:5-43
MERGED from [com.google.android.gms:play-services-fitness:9.4.0] AndroidManifest.xml:18:5-42
MERGED from [com.google.android.gms:play-services-fitness:9.4.0] AndroidManifest.xml:18:5-42
MERGED from [com.google.android.gms:play-services-gcm:9.4.0] AndroidManifest.xml:18:5-42
MERGED from [com.google.android.gms:play-services-gcm:9.4.0] AndroidManifest.xml:18:5-42
MERGED from [com.google.android.gms:play-services-appindexing:9.4.0] AndroidManifest.xml:18:5-42
MERGED from [com.google.android.gms:play-services-appindexing:9.4.0] AndroidManifest.xml:18:5-42
MERGED from [com.google.android.gms:play-services-wallet:9.4.0] AndroidManifest.xml:19:5-42
MERGED from [com.google.android.gms:play-services-wallet:9.4.0] AndroidManifest.xml:19:5-42
MERGED from [com.google.android.gms:play-services-identity:9.4.0] AndroidManifest.xml:18:5-42
MERGED from [com.google.android.gms:play-services-identity:9.4.0] AndroidManifest.xml:18:5-42
MERGED from [com.google.android.gms:play-services-iid:9.4.0] AndroidManifest.xml:18:5-42
MERGED from [com.google.android.gms:play-services-iid:9.4.0] AndroidManifest.xml:18:5-42
MERGED from [com.google.android.gms:play-services-location:9.4.0] AndroidManifest.xml:18:5-42
MERGED from [com.google.android.gms:play-services-location:9.4.0] AndroidManifest.xml:18:5-42
MERGED from [com.google.android.gms:play-services-places:9.4.0] AndroidManifest.xml:18:5-42
MERGED from [com.google.android.gms:play-services-places:9.4.0] AndroidManifest.xml:18:5-42
MERGED from [com.google.android.gms:play-services-maps:9.4.0] AndroidManifest.xml:26:5-42
MERGED from [com.google.android.gms:play-services-maps:9.4.0] AndroidManifest.xml:26:5-42
MERGED from [com.google.android.gms:play-services-nearby:9.4.0] AndroidManifest.xml:4:5-42
MERGED from [com.google.android.gms:play-services-nearby:9.4.0] AndroidManifest.xml:4:5-42
MERGED from [com.google.android.gms:play-services-panorama:9.4.0] AndroidManifest.xml:18:5-42
MERGED from [com.google.android.gms:play-services-panorama:9.4.0] AndroidManifest.xml:18:5-42
MERGED from [com.google.android.gms:play-services-plus:9.4.0] AndroidManifest.xml:18:5-42
MERGED from [com.google.android.gms:play-services-plus:9.4.0] AndroidManifest.xml:18:5-42
MERGED from [com.google.android.gms:play-services-safetynet:9.4.0] AndroidManifest.xml:18:5-42
MERGED from [com.google.android.gms:play-services-safetynet:9.4.0] AndroidManifest.xml:18:5-42
MERGED from [com.google.android.gms:play-services-vision:9.4.0] AndroidManifest.xml:4:5-42
MERGED from [com.google.android.gms:play-services-vision:9.4.0] AndroidManifest.xml:4:5-42
MERGED from [com.google.android.gms:play-services-wearable:9.4.0] AndroidManifest.xml:18:5-42
MERGED from [com.google.android.gms:play-services-wearable:9.4.0] AndroidManifest.xml:18:5-42
MERGED from [com.google.android.gms:play-services-base:9.4.0] AndroidManifest.xml:18:5-42
MERGED from [com.google.android.gms:play-services-base:9.4.0] AndroidManifest.xml:18:5-42
MERGED from [com.google.firebase:firebase-messaging:9.4.0] AndroidManifest.xml:18:5-42
MERGED from [com.google.firebase:firebase-messaging:9.4.0] AndroidManifest.xml:18:5-42
MERGED from [com.google.android.gms:play-services-tagmanager-api:9.4.0] AndroidManifest.xml:18:5-42
MERGED from [com.google.android.gms:play-services-tagmanager-api:9.4.0] AndroidManifest.xml:18:5-42
MERGED from [com.google.firebase:firebase-analytics:9.4.0] AndroidManifest.xml:18:5-42